<?xml version="1.0" encoding="UTF-8"?>
<testsuite xmlns:xsi="http://www.w3.org/2001/XMLSchema-instance" xsi:noNamespaceSchemaLocation="https://maven.apache.org/surefire/maven-surefire-plugin/xsd/surefire-test-report.xsd" name="com.zhangys.carplugin.CarPluginApplicationTests" time="4.534" tests="2" errors="0" skipped="0" failures="0">
  <properties>
    <property name="sun.desktop" value="windows"/>
    <property name="awt.toolkit" value="sun.awt.windows.WToolkit"/>
    <property name="java.specification.version" value="11"/>
    <property name="sun.cpu.isalist" value="amd64"/>
    <property name="sun.jnu.encoding" value="GBK"/>
    <property name="java.class.path" value="D:\project\CarPlugin\target\test-classes;D:\project\CarPlugin\target\classes;D:\tools\repository\org\springframework\boot\spring-boot-starter-web\2.3.12.RELEASE\spring-boot-starter-web-2.3.12.RELEASE.jar;D:\tools\repository\org\springframework\boot\spring-boot-starter\2.3.12.RELEASE\spring-boot-starter-2.3.12.RELEASE.jar;D:\tools\repository\org\springframework\boot\spring-boot\2.3.12.RELEASE\spring-boot-2.3.12.RELEASE.jar;D:\tools\repository\org\springframework\boot\spring-boot-autoconfigure\2.3.12.RELEASE\spring-boot-autoconfigure-2.3.12.RELEASE.jar;D:\tools\repository\org\springframework\boot\spring-boot-starter-logging\2.3.12.RELEASE\spring-boot-starter-logging-2.3.12.RELEASE.jar;D:\tools\repository\org\apache\logging\log4j\log4j-to-slf4j\2.13.3\log4j-to-slf4j-2.13.3.jar;D:\tools\repository\org\apache\logging\log4j\log4j-api\2.13.3\log4j-api-2.13.3.jar;D:\tools\repository\org\slf4j\jul-to-slf4j\1.7.30\jul-to-slf4j-1.7.30.jar;D:\tools\repository\org\yaml\snakeyaml\1.26\snakeyaml-1.26.jar;D:\tools\repository\org\springframework\boot\spring-boot-starter-json\2.3.12.RELEASE\spring-boot-starter-json-2.3.12.RELEASE.jar;D:\tools\repository\com\fasterxml\jackson\datatype\jackson-datatype-jdk8\2.11.4\jackson-datatype-jdk8-2.11.4.jar;D:\tools\repository\com\fasterxml\jackson\datatype\jackson-datatype-jsr310\2.11.4\jackson-datatype-jsr310-2.11.4.jar;D:\tools\repository\com\fasterxml\jackson\module\jackson-module-parameter-names\2.11.4\jackson-module-parameter-names-2.11.4.jar;D:\tools\repository\org\springframework\spring-web\5.2.15.RELEASE\spring-web-5.2.15.RELEASE.jar;D:\tools\repository\org\springframework\spring-beans\5.2.15.RELEASE\spring-beans-5.2.15.RELEASE.jar;D:\tools\repository\org\springframework\spring-webmvc\5.2.15.RELEASE\spring-webmvc-5.2.15.RELEASE.jar;D:\tools\repository\org\springframework\spring-context\5.2.15.RELEASE\spring-context-5.2.15.RELEASE.jar;D:\tools\repository\org\springframework\spring-expression\5.2.15.RELEASE\spring-expression-5.2.15.RELEASE.jar;D:\tools\repository\org\springframework\boot\spring-boot-configuration-processor\2.3.12.RELEASE\spring-boot-configuration-processor-2.3.12.RELEASE.jar;D:\tools\repository\org\springframework\boot\spring-boot-starter-aop\2.3.12.RELEASE\spring-boot-starter-aop-2.3.12.RELEASE.jar;D:\tools\repository\org\springframework\spring-aop\5.2.15.RELEASE\spring-aop-5.2.15.RELEASE.jar;D:\tools\repository\org\aspectj\aspectjweaver\1.9.6\aspectjweaver-1.9.6.jar;D:\tools\repository\org\projectlombok\lombok\1.18.20\lombok-1.18.20.jar;D:\tools\repository\org\springframework\boot\spring-boot-starter-tomcat\2.3.12.RELEASE\spring-boot-starter-tomcat-2.3.12.RELEASE.jar;D:\tools\repository\jakarta\annotation\jakarta.annotation-api\1.3.5\jakarta.annotation-api-1.3.5.jar;D:\tools\repository\org\apache\tomcat\embed\tomcat-embed-core\9.0.46\tomcat-embed-core-9.0.46.jar;D:\tools\repository\org\glassfish\jakarta.el\3.0.3\jakarta.el-3.0.3.jar;D:\tools\repository\org\apache\tomcat\embed\tomcat-embed-websocket\9.0.46\tomcat-embed-websocket-9.0.46.jar;D:\tools\repository\org\springframework\boot\spring-boot-starter-test\2.3.12.RELEASE\spring-boot-starter-test-2.3.12.RELEASE.jar;D:\tools\repository\org\springframework\boot\spring-boot-test\2.3.12.RELEASE\spring-boot-test-2.3.12.RELEASE.jar;D:\tools\repository\org\springframework\boot\spring-boot-test-autoconfigure\2.3.12.RELEASE\spring-boot-test-autoconfigure-2.3.12.RELEASE.jar;D:\tools\repository\com\jayway\jsonpath\json-path\2.4.0\json-path-2.4.0.jar;D:\tools\repository\net\minidev\json-smart\2.3.1\json-smart-2.3.1.jar;D:\tools\repository\net\minidev\accessors-smart\2.3.1\accessors-smart-2.3.1.jar;D:\tools\repository\org\ow2\asm\asm\5.0.4\asm-5.0.4.jar;D:\tools\repository\jakarta\xml\bind\jakarta.xml.bind-api\2.3.3\jakarta.xml.bind-api-2.3.3.jar;D:\tools\repository\jakarta\activation\jakarta.activation-api\1.2.2\jakarta.activation-api-1.2.2.jar;D:\tools\repository\org\assertj\assertj-core\3.16.1\assertj-core-3.16.1.jar;D:\tools\repository\org\hamcrest\hamcrest\2.2\hamcrest-2.2.jar;D:\tools\repository\org\junit\vintage\junit-vintage-engine\5.6.3\junit-vintage-engine-5.6.3.jar;D:\tools\repository\org\apiguardian\apiguardian-api\1.1.0\apiguardian-api-1.1.0.jar;D:\tools\repository\org\junit\platform\junit-platform-engine\1.6.3\junit-platform-engine-1.6.3.jar;D:\tools\repository\junit\junit\4.13.2\junit-4.13.2.jar;D:\tools\repository\org\mockito\mockito-core\3.3.3\mockito-core-3.3.3.jar;D:\tools\repository\net\bytebuddy\byte-buddy\1.10.22\byte-buddy-1.10.22.jar;D:\tools\repository\net\bytebuddy\byte-buddy-agent\1.10.22\byte-buddy-agent-1.10.22.jar;D:\tools\repository\org\objenesis\objenesis\2.6\objenesis-2.6.jar;D:\tools\repository\org\mockito\mockito-junit-jupiter\3.3.3\mockito-junit-jupiter-3.3.3.jar;D:\tools\repository\org\skyscreamer\jsonassert\1.5.0\jsonassert-1.5.0.jar;D:\tools\repository\com\vaadin\external\google\android-json\0.0.20131108.vaadin1\android-json-0.0.20131108.vaadin1.jar;D:\tools\repository\org\springframework\spring-core\5.2.15.RELEASE\spring-core-5.2.15.RELEASE.jar;D:\tools\repository\org\springframework\spring-jcl\5.2.15.RELEASE\spring-jcl-5.2.15.RELEASE.jar;D:\tools\repository\org\springframework\spring-test\5.2.15.RELEASE\spring-test-5.2.15.RELEASE.jar;D:\tools\repository\org\xmlunit\xmlunit-core\2.7.0\xmlunit-core-2.7.0.jar;D:\tools\repository\com\github\plexpt\chatgpt\4.0.5\chatgpt-4.0.5.jar;D:\tools\repository\org\slf4j\slf4j-api\1.7.30\slf4j-api-1.7.30.jar;D:\tools\repository\ch\qos\logback\logback-core\1.2.3\logback-core-1.2.3.jar;D:\tools\repository\ch\qos\logback\logback-classic\1.2.3\logback-classic-1.2.3.jar;D:\tools\repository\com\fasterxml\jackson\core\jackson-databind\2.11.4\jackson-databind-2.11.4.jar;D:\tools\repository\com\fasterxml\jackson\core\jackson-annotations\2.11.4\jackson-annotations-2.11.4.jar;D:\tools\repository\com\fasterxml\jackson\core\jackson-core\2.11.4\jackson-core-2.11.4.jar;D:\tools\repository\cn\hutool\hutool-all\5.8.15\hutool-all-5.8.15.jar;D:\tools\repository\com\alibaba\fastjson\2.0.26\fastjson-2.0.26.jar;D:\tools\repository\com\alibaba\fastjson2\fastjson2-extension\2.0.26\fastjson2-extension-2.0.26.jar;D:\tools\repository\com\alibaba\fastjson2\fastjson2\2.0.26\fastjson2-2.0.26.jar;D:\tools\repository\com\squareup\okhttp3\okhttp-sse\3.14.9\okhttp-sse-3.14.9.jar;D:\tools\repository\com\squareup\okhttp3\okhttp\3.14.9\okhttp-3.14.9.jar;D:\tools\repository\com\squareup\okio\okio\1.17.2\okio-1.17.2.jar;D:\tools\repository\com\squareup\okhttp3\logging-interceptor\3.14.9\logging-interceptor-3.14.9.jar;D:\tools\repository\com\squareup\retrofit2\retrofit\2.9.0\retrofit-2.9.0.jar;D:\tools\repository\com\squareup\retrofit2\converter-jackson\2.9.0\converter-jackson-2.9.0.jar;D:\tools\repository\com\squareup\retrofit2\adapter-rxjava2\2.9.0\adapter-rxjava2-2.9.0.jar;D:\tools\repository\io\reactivex\rxjava2\rxjava\2.2.21\rxjava-2.2.21.jar;D:\tools\repository\org\reactivestreams\reactive-streams\1.0.3\reactive-streams-1.0.3.jar;D:\tools\repository\org\junit\jupiter\junit-jupiter\5.9.2\junit-jupiter-5.9.2.jar;D:\tools\repository\org\junit\jupiter\junit-jupiter-api\5.6.3\junit-jupiter-api-5.6.3.jar;D:\tools\repository\org\opentest4j\opentest4j\1.2.0\opentest4j-1.2.0.jar;D:\tools\repository\org\junit\platform\junit-platform-commons\1.6.3\junit-platform-commons-1.6.3.jar;D:\tools\repository\org\junit\jupiter\junit-jupiter-params\5.6.3\junit-jupiter-params-5.6.3.jar;D:\tools\repository\org\junit\jupiter\junit-jupiter-engine\5.6.3\junit-jupiter-engine-5.6.3.jar;D:\tools\repository\log4j\log4j\1.2.17\log4j-1.2.17.jar;D:\tools\repository\io\springfox\springfox-swagger2\2.9.2\springfox-swagger2-2.9.2.jar;D:\tools\repository\io\swagger\swagger-annotations\1.5.20\swagger-annotations-1.5.20.jar;D:\tools\repository\io\swagger\swagger-models\1.5.20\swagger-models-1.5.20.jar;D:\tools\repository\io\springfox\springfox-spi\2.9.2\springfox-spi-2.9.2.jar;D:\tools\repository\io\springfox\springfox-core\2.9.2\springfox-core-2.9.2.jar;D:\tools\repository\io\springfox\springfox-schema\2.9.2\springfox-schema-2.9.2.jar;D:\tools\repository\io\springfox\springfox-swagger-common\2.9.2\springfox-swagger-common-2.9.2.jar;D:\tools\repository\io\springfox\springfox-spring-web\2.9.2\springfox-spring-web-2.9.2.jar;D:\tools\repository\com\google\guava\guava\20.0\guava-20.0.jar;D:\tools\repository\com\fasterxml\classmate\1.5.1\classmate-1.5.1.jar;D:\tools\repository\org\springframework\plugin\spring-plugin-core\1.2.0.RELEASE\spring-plugin-core-1.2.0.RELEASE.jar;D:\tools\repository\org\springframework\plugin\spring-plugin-metadata\1.2.0.RELEASE\spring-plugin-metadata-1.2.0.RELEASE.jar;D:\tools\repository\org\mapstruct\mapstruct\1.2.0.Final\mapstruct-1.2.0.Final.jar;D:\tools\repository\io\springfox\springfox-swagger-ui\2.9.2\springfox-swagger-ui-2.9.2.jar;"/>
    <property name="java.vm.vendor" value="Oracle Corporation"/>
    <property name="sun.arch.data.model" value="64"/>
    <property name="user.variant" value=""/>
    <property name="java.vendor.url" value="https://openjdk.java.net/"/>
    <property name="user.timezone" value="Asia/Shanghai"/>
    <property name="java.vm.specification.version" value="11"/>
    <property name="os.name" value="Windows 11"/>
    <property name="sun.java.launcher" value="SUN_STANDARD"/>
    <property name="user.country" value="CN"/>
    <property name="sun.boot.library.path" value="D:\JAVA\JDK11\bin"/>
    <property name="sun.java.command" value="C:\Users\zyc\AppData\Local\Temp\surefire16645772128257823660\surefirebooter13387060596668288378.jar C:\Users\zyc\AppData\Local\Temp\surefire16645772128257823660 2023-06-12T16-41-55_850-jvmRun1 surefire13302576878256348247tmp surefire_010361648609874580317tmp"/>
    <property name="jdk.debug" value="release"/>
    <property name="surefire.test.class.path" value="D:\project\CarPlugin\target\test-classes;D:\project\CarPlugin\target\classes;D:\tools\repository\org\springframework\boot\spring-boot-starter-web\2.3.12.RELEASE\spring-boot-starter-web-2.3.12.RELEASE.jar;D:\tools\repository\org\springframework\boot\spring-boot-starter\2.3.12.RELEASE\spring-boot-starter-2.3.12.RELEASE.jar;D:\tools\repository\org\springframework\boot\spring-boot\2.3.12.RELEASE\spring-boot-2.3.12.RELEASE.jar;D:\tools\repository\org\springframework\boot\spring-boot-autoconfigure\2.3.12.RELEASE\spring-boot-autoconfigure-2.3.12.RELEASE.jar;D:\tools\repository\org\springframework\boot\spring-boot-starter-logging\2.3.12.RELEASE\spring-boot-starter-logging-2.3.12.RELEASE.jar;D:\tools\repository\org\apache\logging\log4j\log4j-to-slf4j\2.13.3\log4j-to-slf4j-2.13.3.jar;D:\tools\repository\org\apache\logging\log4j\log4j-api\2.13.3\log4j-api-2.13.3.jar;D:\tools\repository\org\slf4j\jul-to-slf4j\1.7.30\jul-to-slf4j-1.7.30.jar;D:\tools\repository\org\yaml\snakeyaml\1.26\snakeyaml-1.26.jar;D:\tools\repository\org\springframework\boot\spring-boot-starter-json\2.3.12.RELEASE\spring-boot-starter-json-2.3.12.RELEASE.jar;D:\tools\repository\com\fasterxml\jackson\datatype\jackson-datatype-jdk8\2.11.4\jackson-datatype-jdk8-2.11.4.jar;D:\tools\repository\com\fasterxml\jackson\datatype\jackson-datatype-jsr310\2.11.4\jackson-datatype-jsr310-2.11.4.jar;D:\tools\repository\com\fasterxml\jackson\module\jackson-module-parameter-names\2.11.4\jackson-module-parameter-names-2.11.4.jar;D:\tools\repository\org\springframework\spring-web\5.2.15.RELEASE\spring-web-5.2.15.RELEASE.jar;D:\tools\repository\org\springframework\spring-beans\5.2.15.RELEASE\spring-beans-5.2.15.RELEASE.jar;D:\tools\repository\org\springframework\spring-webmvc\5.2.15.RELEASE\spring-webmvc-5.2.15.RELEASE.jar;D:\tools\repository\org\springframework\spring-context\5.2.15.RELEASE\spring-context-5.2.15.RELEASE.jar;D:\tools\repository\org\springframework\spring-expression\5.2.15.RELEASE\spring-expression-5.2.15.RELEASE.jar;D:\tools\repository\org\springframework\boot\spring-boot-configuration-processor\2.3.12.RELEASE\spring-boot-configuration-processor-2.3.12.RELEASE.jar;D:\tools\repository\org\springframework\boot\spring-boot-starter-aop\2.3.12.RELEASE\spring-boot-starter-aop-2.3.12.RELEASE.jar;D:\tools\repository\org\springframework\spring-aop\5.2.15.RELEASE\spring-aop-5.2.15.RELEASE.jar;D:\tools\repository\org\aspectj\aspectjweaver\1.9.6\aspectjweaver-1.9.6.jar;D:\tools\repository\org\projectlombok\lombok\1.18.20\lombok-1.18.20.jar;D:\tools\repository\org\springframework\boot\spring-boot-starter-tomcat\2.3.12.RELEASE\spring-boot-starter-tomcat-2.3.12.RELEASE.jar;D:\tools\repository\jakarta\annotation\jakarta.annotation-api\1.3.5\jakarta.annotation-api-1.3.5.jar;D:\tools\repository\org\apache\tomcat\embed\tomcat-embed-core\9.0.46\tomcat-embed-core-9.0.46.jar;D:\tools\repository\org\glassfish\jakarta.el\3.0.3\jakarta.el-3.0.3.jar;D:\tools\repository\org\apache\tomcat\embed\tomcat-embed-websocket\9.0.46\tomcat-embed-websocket-9.0.46.jar;D:\tools\repository\org\springframework\boot\spring-boot-starter-test\2.3.12.RELEASE\spring-boot-starter-test-2.3.12.RELEASE.jar;D:\tools\repository\org\springframework\boot\spring-boot-test\2.3.12.RELEASE\spring-boot-test-2.3.12.RELEASE.jar;D:\tools\repository\org\springframework\boot\spring-boot-test-autoconfigure\2.3.12.RELEASE\spring-boot-test-autoconfigure-2.3.12.RELEASE.jar;D:\tools\repository\com\jayway\jsonpath\json-path\2.4.0\json-path-2.4.0.jar;D:\tools\repository\net\minidev\json-smart\2.3.1\json-smart-2.3.1.jar;D:\tools\repository\net\minidev\accessors-smart\2.3.1\accessors-smart-2.3.1.jar;D:\tools\repository\org\ow2\asm\asm\5.0.4\asm-5.0.4.jar;D:\tools\repository\jakarta\xml\bind\jakarta.xml.bind-api\2.3.3\jakarta.xml.bind-api-2.3.3.jar;D:\tools\repository\jakarta\activation\jakarta.activation-api\1.2.2\jakarta.activation-api-1.2.2.jar;D:\tools\repository\org\assertj\assertj-core\3.16.1\assertj-core-3.16.1.jar;D:\tools\repository\org\hamcrest\hamcrest\2.2\hamcrest-2.2.jar;D:\tools\repository\org\junit\vintage\junit-vintage-engine\5.6.3\junit-vintage-engine-5.6.3.jar;D:\tools\repository\org\apiguardian\apiguardian-api\1.1.0\apiguardian-api-1.1.0.jar;D:\tools\repository\org\junit\platform\junit-platform-engine\1.6.3\junit-platform-engine-1.6.3.jar;D:\tools\repository\junit\junit\4.13.2\junit-4.13.2.jar;D:\tools\repository\org\mockito\mockito-core\3.3.3\mockito-core-3.3.3.jar;D:\tools\repository\net\bytebuddy\byte-buddy\1.10.22\byte-buddy-1.10.22.jar;D:\tools\repository\net\bytebuddy\byte-buddy-agent\1.10.22\byte-buddy-agent-1.10.22.jar;D:\tools\repository\org\objenesis\objenesis\2.6\objenesis-2.6.jar;D:\tools\repository\org\mockito\mockito-junit-jupiter\3.3.3\mockito-junit-jupiter-3.3.3.jar;D:\tools\repository\org\skyscreamer\jsonassert\1.5.0\jsonassert-1.5.0.jar;D:\tools\repository\com\vaadin\external\google\android-json\0.0.20131108.vaadin1\android-json-0.0.20131108.vaadin1.jar;D:\tools\repository\org\springframework\spring-core\5.2.15.RELEASE\spring-core-5.2.15.RELEASE.jar;D:\tools\repository\org\springframework\spring-jcl\5.2.15.RELEASE\spring-jcl-5.2.15.RELEASE.jar;D:\tools\repository\org\springframework\spring-test\5.2.15.RELEASE\spring-test-5.2.15.RELEASE.jar;D:\tools\repository\org\xmlunit\xmlunit-core\2.7.0\xmlunit-core-2.7.0.jar;D:\tools\repository\com\github\plexpt\chatgpt\4.0.5\chatgpt-4.0.5.jar;D:\tools\repository\org\slf4j\slf4j-api\1.7.30\slf4j-api-1.7.30.jar;D:\tools\repository\ch\qos\logback\logback-core\1.2.3\logback-core-1.2.3.jar;D:\tools\repository\ch\qos\logback\logback-classic\1.2.3\logback-classic-1.2.3.jar;D:\tools\repository\com\fasterxml\jackson\core\jackson-databind\2.11.4\jackson-databind-2.11.4.jar;D:\tools\repository\com\fasterxml\jackson\core\jackson-annotations\2.11.4\jackson-annotations-2.11.4.jar;D:\tools\repository\com\fasterxml\jackson\core\jackson-core\2.11.4\jackson-core-2.11.4.jar;D:\tools\repository\cn\hutool\hutool-all\5.8.15\hutool-all-5.8.15.jar;D:\tools\repository\com\alibaba\fastjson\2.0.26\fastjson-2.0.26.jar;D:\tools\repository\com\alibaba\fastjson2\fastjson2-extension\2.0.26\fastjson2-extension-2.0.26.jar;D:\tools\repository\com\alibaba\fastjson2\fastjson2\2.0.26\fastjson2-2.0.26.jar;D:\tools\repository\com\squareup\okhttp3\okhttp-sse\3.14.9\okhttp-sse-3.14.9.jar;D:\tools\repository\com\squareup\okhttp3\okhttp\3.14.9\okhttp-3.14.9.jar;D:\tools\repository\com\squareup\okio\okio\1.17.2\okio-1.17.2.jar;D:\tools\repository\com\squareup\okhttp3\logging-interceptor\3.14.9\logging-interceptor-3.14.9.jar;D:\tools\repository\com\squareup\retrofit2\retrofit\2.9.0\retrofit-2.9.0.jar;D:\tools\repository\com\squareup\retrofit2\converter-jackson\2.9.0\converter-jackson-2.9.0.jar;D:\tools\repository\com\squareup\retrofit2\adapter-rxjava2\2.9.0\adapter-rxjava2-2.9.0.jar;D:\tools\repository\io\reactivex\rxjava2\rxjava\2.2.21\rxjava-2.2.21.jar;D:\tools\repository\org\reactivestreams\reactive-streams\1.0.3\reactive-streams-1.0.3.jar;D:\tools\repository\org\junit\jupiter\junit-jupiter\5.9.2\junit-jupiter-5.9.2.jar;D:\tools\repository\org\junit\jupiter\junit-jupiter-api\5.6.3\junit-jupiter-api-5.6.3.jar;D:\tools\repository\org\opentest4j\opentest4j\1.2.0\opentest4j-1.2.0.jar;D:\tools\repository\org\junit\platform\junit-platform-commons\1.6.3\junit-platform-commons-1.6.3.jar;D:\tools\repository\org\junit\jupiter\junit-jupiter-params\5.6.3\junit-jupiter-params-5.6.3.jar;D:\tools\repository\org\junit\jupiter\junit-jupiter-engine\5.6.3\junit-jupiter-engine-5.6.3.jar;D:\tools\repository\log4j\log4j\1.2.17\log4j-1.2.17.jar;D:\tools\repository\io\springfox\springfox-swagger2\2.9.2\springfox-swagger2-2.9.2.jar;D:\tools\repository\io\swagger\swagger-annotations\1.5.20\swagger-annotations-1.5.20.jar;D:\tools\repository\io\swagger\swagger-models\1.5.20\swagger-models-1.5.20.jar;D:\tools\repository\io\springfox\springfox-spi\2.9.2\springfox-spi-2.9.2.jar;D:\tools\repository\io\springfox\springfox-core\2.9.2\springfox-core-2.9.2.jar;D:\tools\repository\io\springfox\springfox-schema\2.9.2\springfox-schema-2.9.2.jar;D:\tools\repository\io\springfox\springfox-swagger-common\2.9.2\springfox-swagger-common-2.9.2.jar;D:\tools\repository\io\springfox\springfox-spring-web\2.9.2\springfox-spring-web-2.9.2.jar;D:\tools\repository\com\google\guava\guava\20.0\guava-20.0.jar;D:\tools\repository\com\fasterxml\classmate\1.5.1\classmate-1.5.1.jar;D:\tools\repository\org\springframework\plugin\spring-plugin-core\1.2.0.RELEASE\spring-plugin-core-1.2.0.RELEASE.jar;D:\tools\repository\org\springframework\plugin\spring-plugin-metadata\1.2.0.RELEASE\spring-plugin-metadata-1.2.0.RELEASE.jar;D:\tools\repository\org\mapstruct\mapstruct\1.2.0.Final\mapstruct-1.2.0.Final.jar;D:\tools\repository\io\springfox\springfox-swagger-ui\2.9.2\springfox-swagger-ui-2.9.2.jar;"/>
    <property name="sun.cpu.endian" value="little"/>
    <property name="user.home" value="C:\Users\zyc"/>
    <property name="user.language" value="zh"/>
    <property name="java.specification.vendor" value="Oracle Corporation"/>
    <property name="java.version.date" value="2023-01-17"/>
    <property name="java.home" value="D:\JAVA\JDK11"/>
    <property name="file.separator" value="\"/>
    <property name="basedir" value="D:\project\CarPlugin"/>
    <property name="java.vm.compressedOopsMode" value="Zero based"/>
    <property name="line.separator" value="&#10;"/>
    <property name="java.specification.name" value="Java Platform API Specification"/>
    <property name="java.vm.specification.vendor" value="Oracle Corporation"/>
    <property name="java.awt.graphicsenv" value="sun.awt.Win32GraphicsEnvironment"/>
    <property name="surefire.real.class.path" value="C:\Users\zyc\AppData\Local\Temp\surefire16645772128257823660\surefirebooter13387060596668288378.jar"/>
    <property name="user.script" value=""/>
    <property name="sun.management.compiler" value="HotSpot 64-Bit Tiered Compilers"/>
    <property name="java.runtime.version" value="11.0.18+9-LTS-195"/>
    <property name="user.name" value="zyc"/>
    <property name="path.separator" value=";"/>
    <property name="os.version" value="10.0"/>
    <property name="java.runtime.name" value="Java(TM) SE Runtime Environment"/>
    <property name="file.encoding" value="GBK"/>
    <property name="java.vm.name" value="Java HotSpot(TM) 64-Bit Server VM"/>
    <property name="java.vendor.version" value="18.9"/>
    <property name="localRepository" value="D:\tools\repository"/>
    <property name="java.vendor.url.bug" value="https://bugreport.java.com/bugreport/"/>
    <property name="java.io.tmpdir" value="C:\Users\zyc\AppData\Local\Temp\"/>
    <property name="idea.version" value="2022.2.3"/>
    <property name="java.version" value="11.0.18"/>
    <property name="user.dir" value="D:\project\CarPlugin"/>
    <property name="os.arch" value="amd64"/>
    <property name="java.vm.specification.name" value="Java Virtual Machine Specification"/>
    <property name="java.awt.printerjob" value="sun.awt.windows.WPrinterJob"/>
    <property name="sun.os.patch.level" value=""/>
    <property name="java.library.path" value="D:\JAVA\JDK11\bin;C:\WINDOWS\Sun\Java\bin;C:\WINDOWS\system32;C:\WINDOWS;D:\JAVA\JDK11\\bin;D:\JAVA\JDK11\\jre\bin;D:\apache-maven-3.8.6\bin;C:\Program Files (x86)\VMware\VMware Workstation\bin\;C:\WINDOWS\system32;C:\WINDOWS;C:\WINDOWS\System32\Wbem;C:\WINDOWS\System32\WindowsPowerShell\v1.0\;C:\WINDOWS\System32\OpenSSH\;C:\Program Files (x86)\NetSarang\Xshell 7\;C:\Program Files (x86)\NetSarang\Xftp 7\;D:\JAVA\JDK11\\JDK8\bin;D:\JAVA\JDK11\\JDK8\jre\bin;D:\apache-maven-3.6.3\bin;D:\mysql-8.0.31-winx64\bin;D:\node.js\;D:\node.js\node_global\;D:\Git\cmd;C:\Users\zyc\AppData\Local\Microsoft\WindowsApps;;D:\Microsoft VS Code\bin;C:\Users\zyc\AppData\Roaming\npm;."/>
    <property name="java.vendor" value="Oracle Corporation"/>
    <property name="java.vm.info" value="mixed mode"/>
    <property name="java.vm.version" value="11.0.18+9-LTS-195"/>
    <property name="sun.io.unicode.encoding" value="UnicodeLittle"/>
    <property name="maven.repo.local" value="D:\tools\repository"/>
    <property name="java.class.version" value="55.0"/>
  </properties>
  <testcase name="testRestTemplate" classname="com.zhangys.carplugin.CarPluginApplicationTests" time="0.932"/>
  <testcase name="contextLoads" classname="com.zhangys.carplugin.CarPluginApplicationTests" time="0"/>
</testsuite>